SOURCELONG:Birthright Campaign Setting
SOURCESHORT:BCS

Haelyn
	KEY:Haelyn
	SORTKEY:01_Birthright
	ALIGN:LG
	FACT:Title|Lawmaker
	FACT:Symbol|Silver sword over a golden sunburst
	FACT:Worshippers|Anuireans, Paladins
	FACTSET:Pantheon|Birthright
	FACTSET:Race|Human
	DESC:Haelyn (Anuire, Brechtür, Vosgaard), Halaïa (Khinasi), Holn (Rjurik). Haelyn (HAY-lynn) is the lord of justice and chivalry, and patron of the Anuirean people. He is the paragon of kings and paladins, and is worshiped throughout Cerilia by those seeking order through law. 
	SYMBOL:Silver sword over a golden sunburst
	DOMAINS:Justice,Light,War|PREALIGN:LG,LN,LE,NG,CG

Erik
	KEY:Erik
	SORTKEY:01_Birthright
	ALIGN:N
	FACT:Title|Old Father of the Forests
	FACT:Symbol|An oak tree
	FACT:Worshippers|Rjuriks, Druids
	FACTSET:Pantheon|Birthright
	FACTSET:Race|Human
	DESC:Aeric (Anuire), Erik (Brechtür, Rjurik), Iraikhan (Vosgaard). Erik (AIR-ick) is the forest lord, the god of nature, protector of the wilderness, and patron of the Rjurik.
	SYMBOL:An oak tree
	DOMAINS:Life,Nature|PREALIGN:LN,N,CN,NG,NE

Cuiraécen
	KEY:Cuiraécen
	SORTKEY:01_Birthright
	ALIGN:CG
	FACT:Title|Stormlord
	FACT:Symbol|Lightning bolt crossed by a sword
	FACT:Worshippers|Anuireans, Warriors, Soldiers
	FACTSET:Pantheon|Birthright
	FACTSET:Race|Human
	DESC:Cuiraécen (Anuire), Kirche (Brechtür), Khirdai (Khinasi), Kirken (Rjurik). Cuiraécen (koo-RAY-eh-KEN) is the son of Haelyn and Nesirie. The god of battle is the patron of young warriors, for he is the representation of reckless courage and victory through strength.
	SYMBOL:Lightning bolt crossed by a sword
	DOMAINS:Tempest,War|PREALIGN:NG,CG,N,CN,NE,CE
